<?xml version="1.0" encoding="UTF-8"?>
<testsuite xmlns:xsi="http://www.w3.org/2001/XMLSchema-instance" xsi:noNamespaceSchemaLocation="https://maven.apache.org/surefire/maven-surefire-plugin/xsd/surefire-test-report.xsd" name="com.baeldung.kafka.streams.KafkaStreamsApplicationLiveTest" time="0.01" tests="1" errors="1" skipped="0" failures="0">
  <properties>
    <property name="java.specification.version" value="17"/>
    <property name="sun.cpu.isalist" value="amd64"/>
    <property name="sun.jnu.encoding" value="Cp1252"/>
    <property name="java.class.path" value="D:\Projects\Test_Projects\spring-kafka\target\test-classes;D:\Projects\Test_Projects\spring-kafka\target\classes;C:\Users\USER\.m2\repository\org\springframework\boot\spring-boot-starter\3.0.13\spring-boot-starter-3.0.13.jar;C:\Users\USER\.m2\repository\org\springframework\boot\spring-boot\3.0.13\spring-boot-3.0.13.jar;C:\Users\USER\.m2\repository\org\springframework\boot\spring-boot-autoconfigure\3.0.13\spring-boot-autoconfigure-3.0.13.jar;C:\Users\USER\.m2\repository\org\springframework\boot\spring-boot-starter-logging\3.0.13\spring-boot-starter-logging-3.0.13.jar;C:\Users\USER\.m2\repository\ch\qos\logback\logback-classic\1.4.4\logback-classic-1.4.4.jar;C:\Users\USER\.m2\repository\ch\qos\logback\logback-core\1.4.4\logback-core-1.4.4.jar;C:\Users\USER\.m2\repository\org\apache\logging\log4j\log4j-to-slf4j\2.19.0\log4j-to-slf4j-2.19.0.jar;C:\Users\USER\.m2\repository\org\apache\logging\log4j\log4j-api\2.19.0\log4j-api-2.19.0.jar;C:\Users\USER\.m2\repository\org\slf4j\jul-to-slf4j\2.0.3\jul-to-slf4j-2.0.3.jar;C:\Users\USER\.m2\repository\org\springframework\spring-core\6.0.14\spring-core-6.0.14.jar;C:\Users\USER\.m2\repository\org\springframework\spring-jcl\6.0.14\spring-jcl-6.0.14.jar;C:\Users\USER\.m2\repository\org\yaml\snakeyaml\1.33\snakeyaml-1.33.jar;C:\Users\USER\.m2\repository\org\springframework\boot\spring-boot-starter-web\3.0.13\spring-boot-starter-web-3.0.13.jar;C:\Users\USER\.m2\repository\org\springframework\boot\spring-boot-starter-json\3.0.13\spring-boot-starter-json-3.0.13.jar;C:\Users\USER\.m2\repository\com\fasterxml\jackson\datatype\jackson-datatype-jdk8\2.14.3\jackson-datatype-jdk8-2.14.3.jar;C:\Users\USER\.m2\repository\com\fasterxml\jackson\datatype\jackson-datatype-jsr310\2.14.3\jackson-datatype-jsr310-2.14.3.jar;C:\Users\USER\.m2\repository\com\fasterxml\jackson\module\jackson-module-parameter-names\2.14.3\jackson-module-parameter-names-2.14.3.jar;C:\Users\USER\.m2\repository\org\springframework\boot\spring-boot-starter-tomcat\3.0.13\spring-boot-starter-tomcat-3.0.13.jar;C:\Users\USER\.m2\repository\org\apache\tomcat\embed\tomcat-embed-core\10.1.16\tomcat-embed-core-10.1.16.jar;C:\Users\USER\.m2\repository\org\apache\tomcat\embed\tomcat-embed-el\10.1.16\tomcat-embed-el-10.1.16.jar;C:\Users\USER\.m2\repository\org\apache\tomcat\embed\tomcat-embed-websocket\10.1.16\tomcat-embed-websocket-10.1.16.jar;C:\Users\USER\.m2\repository\org\springframework\spring-web\6.0.14\spring-web-6.0.14.jar;C:\Users\USER\.m2\repository\org\springframework\spring-beans\6.0.14\spring-beans-6.0.14.jar;C:\Users\USER\.m2\repository\org\springframework\spring-webmvc\6.0.14\spring-webmvc-6.0.14.jar;C:\Users\USER\.m2\repository\org\springframework\spring-aop\6.0.14\spring-aop-6.0.14.jar;C:\Users\USER\.m2\repository\org\springframework\spring-expression\6.0.14\spring-expression-6.0.14.jar;C:\Users\USER\.m2\repository\org\springframework\boot\spring-boot-starter-actuator\3.0.5\spring-boot-starter-actuator-3.0.5.jar;C:\Users\USER\.m2\repository\org\springframework\boot\spring-boot-actuator-autoconfigure\3.0.13\spring-boot-actuator-autoconfigure-3.0.13.jar;C:\Users\USER\.m2\repository\org\springframework\boot\spring-boot-actuator\3.0.13\spring-boot-actuator-3.0.13.jar;C:\Users\USER\.m2\repository\io\micrometer\micrometer-observation\1.10.13\micrometer-observation-1.10.13.jar;C:\Users\USER\.m2\repository\io\micrometer\micrometer-commons\1.10.13\micrometer-commons-1.10.13.jar;C:\Users\USER\.m2\repository\io\micrometer\micrometer-core\1.10.13\micrometer-core-1.10.13.jar;C:\Users\USER\.m2\repository\org\hdrhistogram\HdrHistogram\2.1.12\HdrHistogram-2.1.12.jar;C:\Users\USER\.m2\repository\org\latencyutils\LatencyUtils\2.0.3\LatencyUtils-2.0.3.jar;C:\Users\USER\.m2\repository\io\micrometer\micrometer-registry-prometheus\1.10.5\micrometer-registry-prometheus-1.10.5.jar;C:\Users\USER\.m2\repository\io\prometheus\simpleclient_common\0.16.0\simpleclient_common-0.16.0.jar;C:\Users\USER\.m2\repository\io\prometheus\simpleclient\0.16.0\simpleclient-0.16.0.jar;C:\Users\USER\.m2\repository\io\prometheus\simpleclient_tracer_otel\0.16.0\simpleclient_tracer_otel-0.16.0.jar;C:\Users\USER\.m2\repository\io\prometheus\simpleclient_tracer_common\0.16.0\simpleclient_tracer_common-0.16.0.jar;C:\Users\USER\.m2\repository\io\prometheus\simpleclient_tracer_otel_agent\0.16.0\simpleclient_tracer_otel_agent-0.16.0.jar;C:\Users\USER\.m2\repository\org\springframework\kafka\spring-kafka\3.0.13\spring-kafka-3.0.13.jar;C:\Users\USER\.m2\repository\org\springframework\spring-context\6.0.14\spring-context-6.0.14.jar;C:\Users\USER\.m2\repository\org\springframework\spring-messaging\6.0.14\spring-messaging-6.0.14.jar;C:\Users\USER\.m2\repository\org\springframework\spring-tx\6.0.14\spring-tx-6.0.14.jar;C:\Users\USER\.m2\repository\org\springframework\retry\spring-retry\2.0.4\spring-retry-2.0.4.jar;C:\Users\USER\.m2\repository\org\apache\kafka\kafka-clients\3.3.2\kafka-clients-3.3.2.jar;C:\Users\USER\.m2\repository\com\github\luben\zstd-jni\1.5.2-1\zstd-jni-1.5.2-1.jar;C:\Users\USER\.m2\repository\org\lz4\lz4-java\1.8.0\lz4-java-1.8.0.jar;C:\Users\USER\.m2\repository\org\xerial\snappy\snappy-java\1.1.8.4\snappy-java-1.1.8.4.jar;C:\Users\USER\.m2\repository\com\google\code\findbugs\jsr305\3.0.2\jsr305-3.0.2.jar;C:\Users\USER\.m2\repository\org\apache\kafka\kafka-streams\3.3.2\kafka-streams-3.3.2.jar;C:\Users\USER\.m2\repository\org\rocksdb\rocksdbjni\7.1.2\rocksdbjni-7.1.2.jar;C:\Users\USER\.m2\repository\org\slf4j\slf4j-api\2.0.3\slf4j-api-2.0.3.jar;C:\Users\USER\.m2\repository\com\fasterxml\jackson\core\jackson-annotations\2.14.3\jackson-annotations-2.14.3.jar;C:\Users\USER\.m2\repository\com\fasterxml\jackson\core\jackson-databind\2.14.3\jackson-databind-2.14.3.jar;C:\Users\USER\.m2\repository\com\fasterxml\jackson\core\jackson-core\2.14.3\jackson-core-2.14.3.jar;C:\Users\USER\.m2\repository\org\projectlombok\lombok\1.18.30\lombok-1.18.30.jar;C:\Users\USER\.m2\repository\org\springframework\kafka\spring-kafka-test\3.0.13\spring-kafka-test-3.0.13.jar;C:\Users\USER\.m2\repository\org\springframework\spring-test\6.0.14\spring-test-6.0.14.jar;C:\Users\USER\.m2\repository\org\apache\zookeeper\zookeeper\3.6.3\zookeeper-3.6.3.jar;C:\Users\USER\.m2\repository\org\apache\zookeeper\zookeeper-jute\3.6.3\zookeeper-jute-3.6.3.jar;C:\Users\USER\.m2\repository\org\apache\yetus\audience-annotations\0.5.0\audience-annotations-0.5.0.jar;C:\Users\USER\.m2\repository\io\netty\netty-handler\4.1.101.Final\netty-handler-4.1.101.Final.jar;C:\Users\USER\.m2\repository\io\netty\netty-common\4.1.101.Final\netty-common-4.1.101.Final.jar;C:\Users\USER\.m2\repository\io\netty\netty-resolver\4.1.101.Final\netty-resolver-4.1.101.Final.jar;C:\Users\USER\.m2\repository\io\netty\netty-buffer\4.1.101.Final\netty-buffer-4.1.101.Final.jar;C:\Users\USER\.m2\repository\io\netty\netty-transport\4.1.101.Final\netty-transport-4.1.101.Final.jar;C:\Users\USER\.m2\repository\io\netty\netty-transport-native-unix-common\4.1.101.Final\netty-transport-native-unix-common-4.1.101.Final.jar;C:\Users\USER\.m2\repository\io\netty\netty-codec\4.1.101.Final\netty-codec-4.1.101.Final.jar;C:\Users\USER\.m2\repository\io\netty\netty-transport-native-epoll\4.1.101.Final\netty-transport-native-epoll-4.1.101.Final.jar;C:\Users\USER\.m2\repository\io\netty\netty-transport-classes-epoll\4.1.101.Final\netty-transport-classes-epoll-4.1.101.Final.jar;C:\Users\USER\.m2\repository\org\apache\kafka\kafka-clients\3.3.2\kafka-clients-3.3.2-test.jar;C:\Users\USER\.m2\repository\org\apache\kafka\kafka-metadata\3.3.2\kafka-metadata-3.3.2.jar;C:\Users\USER\.m2\repository\org\apache\kafka\kafka-raft\3.3.2\kafka-raft-3.3.2.jar;C:\Users\USER\.m2\repository\com\yammer\metrics\metrics-core\2.2.0\metrics-core-2.2.0.jar;C:\Users\USER\.m2\repository\org\apache\kafka\kafka-server-common\3.3.2\kafka-server-common-3.3.2.jar;C:\Users\USER\.m2\repository\org\apache\kafka\kafka-server-common\3.3.2\kafka-server-common-3.3.2-test.jar;C:\Users\USER\.m2\repository\org\apache\kafka\kafka-streams-test-utils\3.3.2\kafka-streams-test-utils-3.3.2.jar;C:\Users\USER\.m2\repository\org\apache\kafka\kafka_2.13\3.3.2\kafka_2.13-3.3.2.jar;C:\Users\USER\.m2\repository\org\scala-lang\scala-library\2.13.8\scala-library-2.13.8.jar;C:\Users\USER\.m2\repository\org\apache\kafka\kafka-storage\3.3.2\kafka-storage-3.3.2.jar;C:\Users\USER\.m2\repository\org\apache\kafka\kafka-storage-api\3.3.2\kafka-storage-api-3.3.2.jar;C:\Users\USER\.m2\repository\net\sourceforge\argparse4j\argparse4j\0.7.0\argparse4j-0.7.0.jar;C:\Users\USER\.m2\repository\com\fasterxml\jackson\module\jackson-module-scala_2.13\2.14.3\jackson-module-scala_2.13-2.14.3.jar;C:\Users\USER\.m2\repository\com\thoughtworks\paranamer\paranamer\2.8\paranamer-2.8.jar;C:\Users\USER\.m2\repository\com\fasterxml\jackson\dataformat\jackson-dataformat-csv\2.14.3\jackson-dataformat-csv-2.14.3.jar;C:\Users\USER\.m2\repository\net\sf\jopt-simple\jopt-simple\5.0.4\jopt-simple-5.0.4.jar;C:\Users\USER\.m2\repository\org\bitbucket\b_c\jose4j\0.7.9\jose4j-0.7.9.jar;C:\Users\USER\.m2\repository\org\scala-lang\modules\scala-collection-compat_2.13\2.6.0\scala-collection-compat_2.13-2.6.0.jar;C:\Users\USER\.m2\repository\org\scala-lang\modules\scala-java8-compat_2.13\1.0.2\scala-java8-compat_2.13-1.0.2.jar;C:\Users\USER\.m2\repository\org\scala-lang\scala-reflect\2.13.8\scala-reflect-2.13.8.jar;C:\Users\USER\.m2\repository\com\typesafe\scala-logging\scala-logging_2.13\3.9.4\scala-logging_2.13-3.9.4.jar;C:\Users\USER\.m2\repository\io\dropwizard\metrics\metrics-core\4.2.22\metrics-core-4.2.22.jar;C:\Users\USER\.m2\repository\commons-cli\commons-cli\1.4\commons-cli-1.4.jar;C:\Users\USER\.m2\repository\org\apache\kafka\kafka_2.13\3.3.2\kafka_2.13-3.3.2-test.jar;C:\Users\USER\.m2\repository\org\junit\jupiter\junit-jupiter-api\5.8.2\junit-jupiter-api-5.8.2.jar;C:\Users\USER\.m2\repository\org\opentest4j\opentest4j\1.2.0\opentest4j-1.2.0.jar;C:\Users\USER\.m2\repository\org\junit\platform\junit-platform-commons\1.8.2\junit-platform-commons-1.8.2.jar;C:\Users\USER\.m2\repository\org\apiguardian\apiguardian-api\1.1.2\apiguardian-api-1.1.2.jar;C:\Users\USER\.m2\repository\org\junit\platform\junit-platform-launcher\1.8.2\junit-platform-launcher-1.8.2.jar;C:\Users\USER\.m2\repository\org\junit\platform\junit-platform-engine\1.8.2\junit-platform-engine-1.8.2.jar;C:\Users\USER\.m2\repository\org\testcontainers\kafka\1.16.2\kafka-1.16.2.jar;C:\Users\USER\.m2\repository\org\testcontainers\testcontainers\1.16.2\testcontainers-1.16.2.jar;C:\Users\USER\.m2\repository\junit\junit\4.13.2\junit-4.13.2.jar;C:\Users\USER\.m2\repository\org\hamcrest\hamcrest-core\2.2\hamcrest-core-2.2.jar;C:\Users\USER\.m2\repository\org\apache\commons\commons-compress\1.21\commons-compress-1.21.jar;C:\Users\USER\.m2\repository\org\rnorth\duct-tape\duct-tape\1.0.8\duct-tape-1.0.8.jar;C:\Users\USER\.m2\repository\org\jetbrains\annotations\17.0.0\annotations-17.0.0.jar;C:\Users\USER\.m2\repository\com\github\docker-java\docker-java-api\3.2.12\docker-java-api-3.2.12.jar;C:\Users\USER\.m2\repository\com\github\docker-java\docker-java-transport-zerodep\3.2.12\docker-java-transport-zerodep-3.2.12.jar;C:\Users\USER\.m2\repository\com\github\docker-java\docker-java-transport\3.2.12\docker-java-transport-3.2.12.jar;C:\Users\USER\.m2\repository\net\java\dev\jna\jna\5.8.0\jna-5.8.0.jar;C:\Users\USER\.m2\repository\org\testcontainers\junit-jupiter\1.16.2\junit-jupiter-1.16.2.jar;C:\Users\USER\.m2\repository\org\awaitility\awaitility\4.2.0\awaitility-4.2.0.jar;C:\Users\USER\.m2\repository\org\hamcrest\hamcrest\2.2\hamcrest-2.2.jar;C:\Users\USER\.m2\repository\org\apache\commons\commons-lang3\3.12.0\commons-lang3-3.12.0.jar;C:\Users\USER\.m2\repository\jakarta\annotation\jakarta.annotation-api\2.1.1\jakarta.annotation-api-2.1.1.jar;C:\Users\USER\.m2\repository\org\springframework\boot\spring-boot-starter-test\3.0.13\spring-boot-starter-test-3.0.13.jar;C:\Users\USER\.m2\repository\org\springframework\boot\spring-boot-test\3.0.13\spring-boot-test-3.0.13.jar;C:\Users\USER\.m2\repository\org\springframework\boot\spring-boot-test-autoconfigure\3.0.13\spring-boot-test-autoconfigure-3.0.13.jar;C:\Users\USER\.m2\repository\com\jayway\jsonpath\json-path\2.7.0\json-path-2.7.0.jar;C:\Users\USER\.m2\repository\net\minidev\json-smart\2.4.11\json-smart-2.4.11.jar;C:\Users\USER\.m2\repository\net\minidev\accessors-smart\2.4.11\accessors-smart-2.4.11.jar;C:\Users\USER\.m2\repository\org\ow2\asm\asm\9.3\asm-9.3.jar;C:\Users\USER\.m2\repository\jakarta\xml\bind\jakarta.xml.bind-api\4.0.1\jakarta.xml.bind-api-4.0.1.jar;C:\Users\USER\.m2\repository\jakarta\activation\jakarta.activation-api\2.1.2\jakarta.activation-api-2.1.2.jar;C:\Users\USER\.m2\repository\org\assertj\assertj-core\3.23.1\assertj-core-3.23.1.jar;C:\Users\USER\.m2\repository\net\bytebuddy\byte-buddy\1.12.23\byte-buddy-1.12.23.jar;C:\Users\USER\.m2\repository\org\junit\jupiter\junit-jupiter\5.8.2\junit-jupiter-5.8.2.jar;C:\Users\USER\.m2\repository\org\junit\jupiter\junit-jupiter-params\5.8.2\junit-jupiter-params-5.8.2.jar;C:\Users\USER\.m2\repository\org\junit\jupiter\junit-jupiter-engine\5.8.2\junit-jupiter-engine-5.8.2.jar;C:\Users\USER\.m2\repository\org\mockito\mockito-core\4.8.1\mockito-core-4.8.1.jar;C:\Users\USER\.m2\repository\net\bytebuddy\byte-buddy-agent\1.12.23\byte-buddy-agent-1.12.23.jar;C:\Users\USER\.m2\repository\org\objenesis\objenesis\3.2\objenesis-3.2.jar;C:\Users\USER\.m2\repository\org\mockito\mockito-junit-jupiter\4.8.1\mockito-junit-jupiter-4.8.1.jar;C:\Users\USER\.m2\repository\org\skyscreamer\jsonassert\1.5.1\jsonassert-1.5.1.jar;C:\Users\USER\.m2\repository\com\vaadin\external\google\android-json\0.0.20131108.vaadin1\android-json-0.0.20131108.vaadin1.jar;C:\Users\USER\.m2\repository\org\xmlunit\xmlunit-core\2.9.1\xmlunit-core-2.9.1.jar;"/>
    <property name="java.vm.vendor" value="Oracle Corporation"/>
    <property name="sun.arch.data.model" value="64"/>
    <property name="user.variant" value=""/>
    <property name="java.vendor.url" value="https://java.oracle.com/"/>
    <property name="user.timezone" value="Asia/Kabul"/>
    <property name="os.name" value="Windows 10"/>
    <property name="java.vm.specification.version" value="17"/>
    <property name="sun.java.launcher" value="SUN_STANDARD"/>
    <property name="user.country" value="US"/>
    <property name="sun.boot.library.path" value="C:\Program Files\Java\jdk-17\bin"/>
    <property name="sun.java.command" value="C:\Users\USER\AppData\Local\Temp\surefire15788267404009849484\surefirebooter15453172436757865321.jar C:\Users\USER\AppData\Local\Temp\surefire15788267404009849484 2023-11-25T14-14-18_322-jvmRun1 surefire15638284471580305317tmp surefire_08770700460614359200tmp"/>
    <property name="jdk.debug" value="release"/>
    <property name="surefire.test.class.path" value="D:\Projects\Test_Projects\spring-kafka\target\test-classes;D:\Projects\Test_Projects\spring-kafka\target\classes;C:\Users\USER\.m2\repository\org\springframework\boot\spring-boot-starter\3.0.13\spring-boot-starter-3.0.13.jar;C:\Users\USER\.m2\repository\org\springframework\boot\spring-boot\3.0.13\spring-boot-3.0.13.jar;C:\Users\USER\.m2\repository\org\springframework\boot\spring-boot-autoconfigure\3.0.13\spring-boot-autoconfigure-3.0.13.jar;C:\Users\USER\.m2\repository\org\springframework\boot\spring-boot-starter-logging\3.0.13\spring-boot-starter-logging-3.0.13.jar;C:\Users\USER\.m2\repository\ch\qos\logback\logback-classic\1.4.4\logback-classic-1.4.4.jar;C:\Users\USER\.m2\repository\ch\qos\logback\logback-core\1.4.4\logback-core-1.4.4.jar;C:\Users\USER\.m2\repository\org\apache\logging\log4j\log4j-to-slf4j\2.19.0\log4j-to-slf4j-2.19.0.jar;C:\Users\USER\.m2\repository\org\apache\logging\log4j\log4j-api\2.19.0\log4j-api-2.19.0.jar;C:\Users\USER\.m2\repository\org\slf4j\jul-to-slf4j\2.0.3\jul-to-slf4j-2.0.3.jar;C:\Users\USER\.m2\repository\org\springframework\spring-core\6.0.14\spring-core-6.0.14.jar;C:\Users\USER\.m2\repository\org\springframework\spring-jcl\6.0.14\spring-jcl-6.0.14.jar;C:\Users\USER\.m2\repository\org\yaml\snakeyaml\1.33\snakeyaml-1.33.jar;C:\Users\USER\.m2\repository\org\springframework\boot\spring-boot-starter-web\3.0.13\spring-boot-starter-web-3.0.13.jar;C:\Users\USER\.m2\repository\org\springframework\boot\spring-boot-starter-json\3.0.13\spring-boot-starter-json-3.0.13.jar;C:\Users\USER\.m2\repository\com\fasterxml\jackson\datatype\jackson-datatype-jdk8\2.14.3\jackson-datatype-jdk8-2.14.3.jar;C:\Users\USER\.m2\repository\com\fasterxml\jackson\datatype\jackson-datatype-jsr310\2.14.3\jackson-datatype-jsr310-2.14.3.jar;C:\Users\USER\.m2\repository\com\fasterxml\jackson\module\jackson-module-parameter-names\2.14.3\jackson-module-parameter-names-2.14.3.jar;C:\Users\USER\.m2\repository\org\springframework\boot\spring-boot-starter-tomcat\3.0.13\spring-boot-starter-tomcat-3.0.13.jar;C:\Users\USER\.m2\repository\org\apache\tomcat\embed\tomcat-embed-core\10.1.16\tomcat-embed-core-10.1.16.jar;C:\Users\USER\.m2\repository\org\apache\tomcat\embed\tomcat-embed-el\10.1.16\tomcat-embed-el-10.1.16.jar;C:\Users\USER\.m2\repository\org\apache\tomcat\embed\tomcat-embed-websocket\10.1.16\tomcat-embed-websocket-10.1.16.jar;C:\Users\USER\.m2\repository\org\springframework\spring-web\6.0.14\spring-web-6.0.14.jar;C:\Users\USER\.m2\repository\org\springframework\spring-beans\6.0.14\spring-beans-6.0.14.jar;C:\Users\USER\.m2\repository\org\springframework\spring-webmvc\6.0.14\spring-webmvc-6.0.14.jar;C:\Users\USER\.m2\repository\org\springframework\spring-aop\6.0.14\spring-aop-6.0.14.jar;C:\Users\USER\.m2\repository\org\springframework\spring-expression\6.0.14\spring-expression-6.0.14.jar;C:\Users\USER\.m2\repository\org\springframework\boot\spring-boot-starter-actuator\3.0.5\spring-boot-starter-actuator-3.0.5.jar;C:\Users\USER\.m2\repository\org\springframework\boot\spring-boot-actuator-autoconfigure\3.0.13\spring-boot-actuator-autoconfigure-3.0.13.jar;C:\Users\USER\.m2\repository\org\springframework\boot\spring-boot-actuator\3.0.13\spring-boot-actuator-3.0.13.jar;C:\Users\USER\.m2\repository\io\micrometer\micrometer-observation\1.10.13\micrometer-observation-1.10.13.jar;C:\Users\USER\.m2\repository\io\micrometer\micrometer-commons\1.10.13\micrometer-commons-1.10.13.jar;C:\Users\USER\.m2\repository\io\micrometer\micrometer-core\1.10.13\micrometer-core-1.10.13.jar;C:\Users\USER\.m2\repository\org\hdrhistogram\HdrHistogram\2.1.12\HdrHistogram-2.1.12.jar;C:\Users\USER\.m2\repository\org\latencyutils\LatencyUtils\2.0.3\LatencyUtils-2.0.3.jar;C:\Users\USER\.m2\repository\io\micrometer\micrometer-registry-prometheus\1.10.5\micrometer-registry-prometheus-1.10.5.jar;C:\Users\USER\.m2\repository\io\prometheus\simpleclient_common\0.16.0\simpleclient_common-0.16.0.jar;C:\Users\USER\.m2\repository\io\prometheus\simpleclient\0.16.0\simpleclient-0.16.0.jar;C:\Users\USER\.m2\repository\io\prometheus\simpleclient_tracer_otel\0.16.0\simpleclient_tracer_otel-0.16.0.jar;C:\Users\USER\.m2\repository\io\prometheus\simpleclient_tracer_common\0.16.0\simpleclient_tracer_common-0.16.0.jar;C:\Users\USER\.m2\repository\io\prometheus\simpleclient_tracer_otel_agent\0.16.0\simpleclient_tracer_otel_agent-0.16.0.jar;C:\Users\USER\.m2\repository\org\springframework\kafka\spring-kafka\3.0.13\spring-kafka-3.0.13.jar;C:\Users\USER\.m2\repository\org\springframework\spring-context\6.0.14\spring-context-6.0.14.jar;C:\Users\USER\.m2\repository\org\springframework\spring-messaging\6.0.14\spring-messaging-6.0.14.jar;C:\Users\USER\.m2\repository\org\springframework\spring-tx\6.0.14\spring-tx-6.0.14.jar;C:\Users\USER\.m2\repository\org\springframework\retry\spring-retry\2.0.4\spring-retry-2.0.4.jar;C:\Users\USER\.m2\repository\org\apache\kafka\kafka-clients\3.3.2\kafka-clients-3.3.2.jar;C:\Users\USER\.m2\repository\com\github\luben\zstd-jni\1.5.2-1\zstd-jni-1.5.2-1.jar;C:\Users\USER\.m2\repository\org\lz4\lz4-java\1.8.0\lz4-java-1.8.0.jar;C:\Users\USER\.m2\repository\org\xerial\snappy\snappy-java\1.1.8.4\snappy-java-1.1.8.4.jar;C:\Users\USER\.m2\repository\com\google\code\findbugs\jsr305\3.0.2\jsr305-3.0.2.jar;C:\Users\USER\.m2\repository\org\apache\kafka\kafka-streams\3.3.2\kafka-streams-3.3.2.jar;C:\Users\USER\.m2\repository\org\rocksdb\rocksdbjni\7.1.2\rocksdbjni-7.1.2.jar;C:\Users\USER\.m2\repository\org\slf4j\slf4j-api\2.0.3\slf4j-api-2.0.3.jar;C:\Users\USER\.m2\repository\com\fasterxml\jackson\core\jackson-annotations\2.14.3\jackson-annotations-2.14.3.jar;C:\Users\USER\.m2\repository\com\fasterxml\jackson\core\jackson-databind\2.14.3\jackson-databind-2.14.3.jar;C:\Users\USER\.m2\repository\com\fasterxml\jackson\core\jackson-core\2.14.3\jackson-core-2.14.3.jar;C:\Users\USER\.m2\repository\org\projectlombok\lombok\1.18.30\lombok-1.18.30.jar;C:\Users\USER\.m2\repository\org\springframework\kafka\spring-kafka-test\3.0.13\spring-kafka-test-3.0.13.jar;C:\Users\USER\.m2\repository\org\springframework\spring-test\6.0.14\spring-test-6.0.14.jar;C:\Users\USER\.m2\repository\org\apache\zookeeper\zookeeper\3.6.3\zookeeper-3.6.3.jar;C:\Users\USER\.m2\repository\org\apache\zookeeper\zookeeper-jute\3.6.3\zookeeper-jute-3.6.3.jar;C:\Users\USER\.m2\repository\org\apache\yetus\audience-annotations\0.5.0\audience-annotations-0.5.0.jar;C:\Users\USER\.m2\repository\io\netty\netty-handler\4.1.101.Final\netty-handler-4.1.101.Final.jar;C:\Users\USER\.m2\repository\io\netty\netty-common\4.1.101.Final\netty-common-4.1.101.Final.jar;C:\Users\USER\.m2\repository\io\netty\netty-resolver\4.1.101.Final\netty-resolver-4.1.101.Final.jar;C:\Users\USER\.m2\repository\io\netty\netty-buffer\4.1.101.Final\netty-buffer-4.1.101.Final.jar;C:\Users\USER\.m2\repository\io\netty\netty-transport\4.1.101.Final\netty-transport-4.1.101.Final.jar;C:\Users\USER\.m2\repository\io\netty\netty-transport-native-unix-common\4.1.101.Final\netty-transport-native-unix-common-4.1.101.Final.jar;C:\Users\USER\.m2\repository\io\netty\netty-codec\4.1.101.Final\netty-codec-4.1.101.Final.jar;C:\Users\USER\.m2\repository\io\netty\netty-transport-native-epoll\4.1.101.Final\netty-transport-native-epoll-4.1.101.Final.jar;C:\Users\USER\.m2\repository\io\netty\netty-transport-classes-epoll\4.1.101.Final\netty-transport-classes-epoll-4.1.101.Final.jar;C:\Users\USER\.m2\repository\org\apache\kafka\kafka-clients\3.3.2\kafka-clients-3.3.2-test.jar;C:\Users\USER\.m2\repository\org\apache\kafka\kafka-metadata\3.3.2\kafka-metadata-3.3.2.jar;C:\Users\USER\.m2\repository\org\apache\kafka\kafka-raft\3.3.2\kafka-raft-3.3.2.jar;C:\Users\USER\.m2\repository\com\yammer\metrics\metrics-core\2.2.0\metrics-core-2.2.0.jar;C:\Users\USER\.m2\repository\org\apache\kafka\kafka-server-common\3.3.2\kafka-server-common-3.3.2.jar;C:\Users\USER\.m2\repository\org\apache\kafka\kafka-server-common\3.3.2\kafka-server-common-3.3.2-test.jar;C:\Users\USER\.m2\repository\org\apache\kafka\kafka-streams-test-utils\3.3.2\kafka-streams-test-utils-3.3.2.jar;C:\Users\USER\.m2\repository\org\apache\kafka\kafka_2.13\3.3.2\kafka_2.13-3.3.2.jar;C:\Users\USER\.m2\repository\org\scala-lang\scala-library\2.13.8\scala-library-2.13.8.jar;C:\Users\USER\.m2\repository\org\apache\kafka\kafka-storage\3.3.2\kafka-storage-3.3.2.jar;C:\Users\USER\.m2\repository\org\apache\kafka\kafka-storage-api\3.3.2\kafka-storage-api-3.3.2.jar;C:\Users\USER\.m2\repository\net\sourceforge\argparse4j\argparse4j\0.7.0\argparse4j-0.7.0.jar;C:\Users\USER\.m2\repository\com\fasterxml\jackson\module\jackson-module-scala_2.13\2.14.3\jackson-module-scala_2.13-2.14.3.jar;C:\Users\USER\.m2\repository\com\thoughtworks\paranamer\paranamer\2.8\paranamer-2.8.jar;C:\Users\USER\.m2\repository\com\fasterxml\jackson\dataformat\jackson-dataformat-csv\2.14.3\jackson-dataformat-csv-2.14.3.jar;C:\Users\USER\.m2\repository\net\sf\jopt-simple\jopt-simple\5.0.4\jopt-simple-5.0.4.jar;C:\Users\USER\.m2\repository\org\bitbucket\b_c\jose4j\0.7.9\jose4j-0.7.9.jar;C:\Users\USER\.m2\repository\org\scala-lang\modules\scala-collection-compat_2.13\2.6.0\scala-collection-compat_2.13-2.6.0.jar;C:\Users\USER\.m2\repository\org\scala-lang\modules\scala-java8-compat_2.13\1.0.2\scala-java8-compat_2.13-1.0.2.jar;C:\Users\USER\.m2\repository\org\scala-lang\scala-reflect\2.13.8\scala-reflect-2.13.8.jar;C:\Users\USER\.m2\repository\com\typesafe\scala-logging\scala-logging_2.13\3.9.4\scala-logging_2.13-3.9.4.jar;C:\Users\USER\.m2\repository\io\dropwizard\metrics\metrics-core\4.2.22\metrics-core-4.2.22.jar;C:\Users\USER\.m2\repository\commons-cli\commons-cli\1.4\commons-cli-1.4.jar;C:\Users\USER\.m2\repository\org\apache\kafka\kafka_2.13\3.3.2\kafka_2.13-3.3.2-test.jar;C:\Users\USER\.m2\repository\org\junit\jupiter\junit-jupiter-api\5.8.2\junit-jupiter-api-5.8.2.jar;C:\Users\USER\.m2\repository\org\opentest4j\opentest4j\1.2.0\opentest4j-1.2.0.jar;C:\Users\USER\.m2\repository\org\junit\platform\junit-platform-commons\1.8.2\junit-platform-commons-1.8.2.jar;C:\Users\USER\.m2\repository\org\apiguardian\apiguardian-api\1.1.2\apiguardian-api-1.1.2.jar;C:\Users\USER\.m2\repository\org\junit\platform\junit-platform-launcher\1.8.2\junit-platform-launcher-1.8.2.jar;C:\Users\USER\.m2\repository\org\junit\platform\junit-platform-engine\1.8.2\junit-platform-engine-1.8.2.jar;C:\Users\USER\.m2\repository\org\testcontainers\kafka\1.16.2\kafka-1.16.2.jar;C:\Users\USER\.m2\repository\org\testcontainers\testcontainers\1.16.2\testcontainers-1.16.2.jar;C:\Users\USER\.m2\repository\junit\junit\4.13.2\junit-4.13.2.jar;C:\Users\USER\.m2\repository\org\hamcrest\hamcrest-core\2.2\hamcrest-core-2.2.jar;C:\Users\USER\.m2\repository\org\apache\commons\commons-compress\1.21\commons-compress-1.21.jar;C:\Users\USER\.m2\repository\org\rnorth\duct-tape\duct-tape\1.0.8\duct-tape-1.0.8.jar;C:\Users\USER\.m2\repository\org\jetbrains\annotations\17.0.0\annotations-17.0.0.jar;C:\Users\USER\.m2\repository\com\github\docker-java\docker-java-api\3.2.12\docker-java-api-3.2.12.jar;C:\Users\USER\.m2\repository\com\github\docker-java\docker-java-transport-zerodep\3.2.12\docker-java-transport-zerodep-3.2.12.jar;C:\Users\USER\.m2\repository\com\github\docker-java\docker-java-transport\3.2.12\docker-java-transport-3.2.12.jar;C:\Users\USER\.m2\repository\net\java\dev\jna\jna\5.8.0\jna-5.8.0.jar;C:\Users\USER\.m2\repository\org\testcontainers\junit-jupiter\1.16.2\junit-jupiter-1.16.2.jar;C:\Users\USER\.m2\repository\org\awaitility\awaitility\4.2.0\awaitility-4.2.0.jar;C:\Users\USER\.m2\repository\org\hamcrest\hamcrest\2.2\hamcrest-2.2.jar;C:\Users\USER\.m2\repository\org\apache\commons\commons-lang3\3.12.0\commons-lang3-3.12.0.jar;C:\Users\USER\.m2\repository\jakarta\annotation\jakarta.annotation-api\2.1.1\jakarta.annotation-api-2.1.1.jar;C:\Users\USER\.m2\repository\org\springframework\boot\spring-boot-starter-test\3.0.13\spring-boot-starter-test-3.0.13.jar;C:\Users\USER\.m2\repository\org\springframework\boot\spring-boot-test\3.0.13\spring-boot-test-3.0.13.jar;C:\Users\USER\.m2\repository\org\springframework\boot\spring-boot-test-autoconfigure\3.0.13\spring-boot-test-autoconfigure-3.0.13.jar;C:\Users\USER\.m2\repository\com\jayway\jsonpath\json-path\2.7.0\json-path-2.7.0.jar;C:\Users\USER\.m2\repository\net\minidev\json-smart\2.4.11\json-smart-2.4.11.jar;C:\Users\USER\.m2\repository\net\minidev\accessors-smart\2.4.11\accessors-smart-2.4.11.jar;C:\Users\USER\.m2\repository\org\ow2\asm\asm\9.3\asm-9.3.jar;C:\Users\USER\.m2\repository\jakarta\xml\bind\jakarta.xml.bind-api\4.0.1\jakarta.xml.bind-api-4.0.1.jar;C:\Users\USER\.m2\repository\jakarta\activation\jakarta.activation-api\2.1.2\jakarta.activation-api-2.1.2.jar;C:\Users\USER\.m2\repository\org\assertj\assertj-core\3.23.1\assertj-core-3.23.1.jar;C:\Users\USER\.m2\repository\net\bytebuddy\byte-buddy\1.12.23\byte-buddy-1.12.23.jar;C:\Users\USER\.m2\repository\org\junit\jupiter\junit-jupiter\5.8.2\junit-jupiter-5.8.2.jar;C:\Users\USER\.m2\repository\org\junit\jupiter\junit-jupiter-params\5.8.2\junit-jupiter-params-5.8.2.jar;C:\Users\USER\.m2\repository\org\junit\jupiter\junit-jupiter-engine\5.8.2\junit-jupiter-engine-5.8.2.jar;C:\Users\USER\.m2\repository\org\mockito\mockito-core\4.8.1\mockito-core-4.8.1.jar;C:\Users\USER\.m2\repository\net\bytebuddy\byte-buddy-agent\1.12.23\byte-buddy-agent-1.12.23.jar;C:\Users\USER\.m2\repository\org\objenesis\objenesis\3.2\objenesis-3.2.jar;C:\Users\USER\.m2\repository\org\mockito\mockito-junit-jupiter\4.8.1\mockito-junit-jupiter-4.8.1.jar;C:\Users\USER\.m2\repository\org\skyscreamer\jsonassert\1.5.1\jsonassert-1.5.1.jar;C:\Users\USER\.m2\repository\com\vaadin\external\google\android-json\0.0.20131108.vaadin1\android-json-0.0.20131108.vaadin1.jar;C:\Users\USER\.m2\repository\org\xmlunit\xmlunit-core\2.9.1\xmlunit-core-2.9.1.jar;"/>
    <property name="sun.cpu.endian" value="little"/>
    <property name="user.home" value="C:\Users\USER"/>
    <property name="user.language" value="en"/>
    <property name="java.specification.vendor" value="Oracle Corporation"/>
    <property name="java.version.date" value="2023-10-17"/>
    <property name="java.home" value="C:\Program Files\Java\jdk-17"/>
    <property name="file.separator" value="\"/>
    <property name="style.color" value="always"/>
    <property name="basedir" value="D:\Projects\Test_Projects\spring-kafka"/>
    <property name="java.vm.compressedOopsMode" value="Zero based"/>
    <property name="line.separator" value="&#10;"/>
    <property name="java.vm.specification.vendor" value="Oracle Corporation"/>
    <property name="java.specification.name" value="Java Platform API Specification"/>
    <property name="surefire.real.class.path" value="C:\Users\USER\AppData\Local\Temp\surefire15788267404009849484\surefirebooter15453172436757865321.jar"/>
    <property name="user.script" value=""/>
    <property name="sun.management.compiler" value="HotSpot 64-Bit Tiered Compilers"/>
    <property name="java.runtime.version" value="17.0.9+11-LTS-201"/>
    <property name="user.name" value="USER"/>
    <property name="path.separator" value=";"/>
    <property name="os.version" value="10.0"/>
    <property name="java.runtime.name" value="Java(TM) SE Runtime Environment"/>
    <property name="file.encoding" value="Cp1252"/>
    <property name="java.vm.name" value="Java HotSpot(TM) 64-Bit Server VM"/>
    <property name="localRepository" value="C:\Users\USER\.m2\repository"/>
    <property name="java.vendor.url.bug" value="https://bugreport.java.com/bugreport/"/>
    <property name="java.io.tmpdir" value="C:\Users\USER\AppData\Local\Temp\"/>
    <property name="java.version" value="17.0.9"/>
    <property name="user.dir" value="D:\Projects\Test_Projects\spring-kafka"/>
    <property name="os.arch" value="amd64"/>
    <property name="java.vm.specification.name" value="Java Virtual Machine Specification"/>
    <property name="sun.os.patch.level" value=""/>
    <property name="native.encoding" value="Cp1252"/>
    <property name="java.library.path" value="C:\Program Files\Java\jdk-17\bin;C:\Windows\Sun\Java\bin;C:\Windows\system32;C:\Windows;C:/Program Files/Java/jdk-17/bin/server;C:/Program Files/Java/jdk-17/bin;C:\Program Files\Java\jdk-17\bin;C:\Program Files (x86)\Common Files\Oracle\Java\javapath;C:\Program Files\Common Files\Oracle\Java\javapath;C:\Windows\system32;C:\Windows;C:\Windows\System32\Wbem;C:\Windows\System32\WindowsPowerShell\v1.0\;C:\Windows\System32\OpenSSH\;C:\Users\USER\AppData\Roaming\nvm;C:\Program Files\nodejs;C:\Program Files\OpenSSL-Win64\bin;C:\Program Files\Git\cmd;C:\Program Files\Docker\Docker\resources\bin;C:\Users\USER\AppData\Local\Microsoft\WindowsApps;C:\Users\USER\AppData\Local\Programs\Microsoft VS Code\bin;C:\Users\USER\AppData\Roaming\npm;C:\Users\USER\AppData\Roaming\nvm;C:\Program Files\nodejs;D:\Softwares\STS-4-4.7.0\contents\sts-4.7.0.RELEASE;;."/>
    <property name="java.vm.info" value="mixed mode, sharing"/>
    <property name="java.vendor" value="Oracle Corporation"/>
    <property name="java.vm.version" value="17.0.9+11-LTS-201"/>
    <property name="sun.io.unicode.encoding" value="UnicodeLittle"/>
    <property name="java.class.version" value="61.0"/>
  </properties>
  <testcase name="com.baeldung.kafka.streams.KafkaStreamsApplicationLiveTest" classname="com.baeldung.kafka.streams.KafkaStreamsApplicationLiveTest" time="0.01">
    <error message="Previous attempts to find a Docker environment failed. Will not retry. Please see logs and check configuration" type="java.lang.IllegalStateException">java.lang.IllegalStateException: Previous attempts to find a Docker environment failed. Will not retry. Please see logs and check configuration
</error>
  </testcase>
</testsuite>